qemu-system-x86_64 -cdrom build/os.iso \
                   -drive file=disk.img,format=raw,if=ide \
                   -boot order=d \
                   -m 256M \
                   -serial stdio
[PMM] Buddy allocator initialized
[PMM] Managing 255 MB (Used: 105 Free: 65399 pages)
[HEAP] Ready at 0x0xFFDC000 (32 KB)
[PF] Page Fault Handler initialized
[IDT] Interrupt Descriptor Table initialized
[GDT] Initializing Global Descriptor Table
[GDT] Segments configured:
  Kernel CS = 0x08, Kernel DS = 0x10
  User CS = 0x1B (0x18|3), User DS = 0x23 (0x20|3)
[TSS] Task State Segment initialized
[GDT] TSS at 0x0x1282A0
[GDT] User mode ready
[SYSCALL] Configuring MSRs:
  STAR=0x0x1B000800000000
  LSTAR=0x0x10A170
  SFMASK=0x0x600
[SYSCALL] Syscall interface initialized (syscall/sysret)
[PIC] Programmable Interrupt Controller initialized
[PIC] All IRQs masked by default
[PIC] Unmasked IRQ 0
[PIT] Initialized with frequency 100 Hz
[PIC] Unmasked IRQ 1
[Keyboard] PS/2 Keyboard initialized
[TASK] Idle task initialized
[VFS] Initialized
[FAT16] Mounted successfully
[FAT16] Filesystem created
[VFS] Mounted fat16 at /
[FAT16] Read request: size=15488 offset=0 file_size=15488
[FAT16] Start cluster: 2
[FAT16] Reading cluster 2 at sector 164
[FAT16] Reading cluster 3 at sector 168
[FAT16] Reading cluster 4 at sector 172
[FAT16] Reading cluster 5 at sector 176
[FAT16] Reading cluster 6 at sector 180
[FAT16] Reading cluster 7 at sector 184
[FAT16] Reading cluster 8 at sector 188
[FAT16] Reading cluster 9 at sector 192
[FAT16] Read 15488 bytes. First 16 bytes: 0x7F 0x45 0x4C 0x46 0x2 0x1 0x1 0x0 0x0 0x0 0x0 0x0 0x0 0x0 0x0 0x0 
[ELF] Loading ELF, entry=0x0x400000 phnum=2
[ELF] Segment 0: vaddr=0x0x400000 memsz=0x0x2178 filesz=0x0x2168 flags=0x0x7

========================================
[EXCEPTION] General Protection
========================================
Vector:     0xD
Error Code: 0x0
RIP:        0x104E0C
========================================
System halted.
